[10/23 22:40:08][INFO] train.py:  93: {'AMP_ENABLE': False,
 'DATALOADER': {'BATCH_SIZE': 8, 'NUM_WORKERS': 24, 'PIN_MEM': True},
 'DATASET': {'COMPRESSION_HIGH': 80,
             'COMPRESSION_LOW': 65,
             'CUTOUT_H': 10,
             'CUTOUT_W': 10,
             'DATASET_NAME': 'FFDF',
             'IMG_SIZE': 320,
             'ROOT_DIR': 'path/to/your/dataset',
             'ROTATE_ANGLE': 10,
             'SCALE_RATE': '8/7',
             'TEST_AUGMENTATIONS': {'COMPOSE': ['Resize', 'Normalize'],
                                    'NORMALIZE_PARAMS': [[0.485, 0.456, 0.406],
                                                         [0.229, 0.224, 0.225]],
                                    'RESIZE_PARAMS': [320, 320]},
             'TEST_INFO_TXT': 'path/to/your/test.txt',
             'TRAIN_AUGMENTATIONS': {'COARSEDROPOUT_PARAMS': [10, 10],
                                     'COMPOSE': [['ChannelDropout', 'ToGray'],
                                                 ['ColorJitter',
                                                  'RandomBrightnessContrast',
                                                  'HueSaturationValue',
                                                  'CLAHE',
                                                  'RandomGamma',
                                                  'Sharpen'],
                                                 ['Blur',
                                                  'MotionBlur',
                                                  'GaussianBlur',
                                                  'GlassBlur'],
                                                 'GaussNoise',
                                                 'HorizontalFlip',
                                                 'Rotate',
                                                 ['RandomFog',
                                                  'RandomRain',
                                                  'RandomSnow',
                                                  'RandomSunFlare',
                                                  'RandomToneCurve'],
                                                 'CoarseDropout',
                                                 'ImageCompression',
                                                 'Normalize'],
                                     'IMAGECOMPRESSION_PARAMS': [65, 80],
                                     'NORMALIZE_PARAMS': [[0.485, 0.456, 0.406],
                                                          [0.229,
                                                           0.224,
                                                           0.225]],
                                     'RESIZE_PARAMS': [320, 320],
                                     'ROTATE_PARAMS': [10]},
             'TRAIN_INFO_TXT': 'path/to/your/train.txt',
             'VAL_INFO_TXT': 'path/to/your/val.txt'},
 'DIST_BACKEND': 'gloo',
 'INIT_METHOD': 'tcp://localhost:9999',
 'LOG_FILE_PATH': './logs',
 'LOSS': {'LOSS_FUN': 'FocalLoss', 'LOSS_WEIGHT': 1, 'logits': True},
 'MODEL': {'BACKBONE': 'efficientnet-b4',
           'DEPTH': 4,
           'DROP_RATIO': 0.5,
           'ESCAPE': '',
           'FEATURE_LAYER': 'final',
           'HAS_DECODER': False,
           'IMG_SIZE': 320,
           'MODEL_NAME': 'M2TR',
           'NUM_CLASSES': 2,
           'PRETRAINED': 'imagenet',
           'TEXTURE_LAYER': 'b2'},
 'NUM_GPUS': 8,
 'NUM_SHARDS': 1,
 'OPTIMIZER': {'ADAM_BETAS': [0.9, 0.999],
               'AMSGRAD': False,
               'BASE_LR': 0.0005,
               'EPS': 1e-08,
               'MOMENTUM': 0.9,
               'OPTIMIZER_METHOD': 'sgd',
               'WEIGHT_DECAY': 0.01},
 'RNG_SEED': 0,
 'SCHEDULER': {'COOLDOWN_EPOCHS': 10,
               'LR_CYCLE_DECAY': 0.1,
               'LR_CYCLE_LIMIT': 1,
               'LR_CYCLE_MUL': 1.0,
               'LR_K_DECAY': 1.0,
               'LR_NOISE_PCT': 0.67,
               'LR_NOISE_STD': 1.0,
               'MIN_LR': 1e-06,
               'SCHEDULER_GAMMA': 0.5,
               'SCHEDULER_STEP': 5,
               'SCHEDULER_TYPE': 'cosine',
               'SEED': 42,
               'WARMUP_EPOCHS': 0,
               'WARMUP_LR': 0},
 'SHARD_ID': 0,
 'TEST': {'CHECKPOINT_TEST_PATH': './checkpoints/M2TR_FFDF_epoch_00020.pyth',
          'ENABLE': True},
 'TRAIN': {'CHECKPOINT_EPOCH_RESET': True,
           'CHECKPOINT_LOAD_PATH': '',
           'CHECKPOINT_PERIOD': 1,
           'CHECKPOINT_SAVE_PATH': '.',
           'ENABLE': True,
           'EVAL_PERIOD': 1,
           'MAX_EPOCH': 20}}
[10/23 22:40:08][INFO] build_helper.py:  20: MODEL_NAME: M2TR
[10/23 22:40:11][INFO] build_helper.py:  34: Using device: mps
[10/23 22:40:12][INFO] build_helper.py:  58: LOSS_FUN: FocalLoss
[10/23 22:40:12][INFO] build_helper.py:  66: DATASET_NAME: FFDF  train
